<?xml version="1.0" encoding="UTF-8"?>
<testsuite name="TestClass" tests="1" skipped="0" failures="0" errors="0" timestamp="2019-01-25T04:16:21" hostname="Jeremys-MacBook-Pro.local" time="0.001">
  <properties/>
  <testcase name="testArithmetic" classname="TestClass" time="0.001"/>
  <system-out><![CDATA[I hope 2 + 2 works.
]]></system-out>
  <system-err><![CDATA[]]></system-err>
</testsuite>
